<?xml version="1.0" encoding="UTF-8"?>
<testsuites name="Mocha Tests" time="20.0040" tests="2" failures="0">
  <testsuite name="Root Suite" timestamp="2022-08-25T00:13:03" tests="0" file="cypress\e2e\ST03Menu\CTMenu.spec.js" time="0.0000" failures="0">
  </testsuite>
  <testsuite name="CTMenu" timestamp="2022-08-25T00:13:03" tests="2" time="20.0040" failures="0">
    <testcase name="CTMenu cT01ValidaSubMenuWhyGatling" time="13.4320" classname="cT01ValidaSubMenuWhyGatling">
    </testcase>
    <testcase name="CTMenu cT02ValidaSubMenuLearnMore" time="6.5720" classname="cT02ValidaSubMenuLearnMore">
    </testcase>
  </testsuite>
</testsuites>