<?xml version="1.0" encoding="UTF-8"?>
<testsuites name="Mocha Tests" time="19.3870" tests="2" failures="0">
  <testsuite name="Root Suite" timestamp="2022-10-05T18:26:04" tests="0" file="cypress\e2e\ST03Menu\CTMenu.spec.js" time="0.0000" failures="0">
  </testsuite>
  <testsuite name="CTMenu" timestamp="2022-10-05T18:26:04" tests="2" time="19.3870" failures="0">
    <testcase name="CTMenu cT01ValidaSubMenuWhyGatling" time="10.2820" classname="cT01ValidaSubMenuWhyGatling">
    </testcase>
    <testcase name="CTMenu cT02ValidaSubMenuLearnMore" time="9.1050" classname="cT02ValidaSubMenuLearnMore">
    </testcase>
  </testsuite>
</testsuites>