<?xml version="1.0" encoding="UTF-8"?>
<testsuites name="Mocha Tests" time="70.9010" tests="6" failures="0">
  <testsuite name="Root Suite" timestamp="2022-08-24T23:23:13" tests="0" file="cypress\e2e\ST02Rodape\CTRodape.spec.js" time="0.0000" failures="0">
  </testsuite>
  <testsuite name="CTRodape" timestamp="2022-08-24T23:23:13" tests="6" time="70.9010" failures="0">
    <testcase name="CTRodape cT01ValidaRedirecionamentoCommunity" time="20.3710" classname="cT01ValidaRedirecionamentoCommunity">
    </testcase>
    <testcase name="CTRodape cT03ValidaRedirecionamentoYoutube" time="13.5560" classname="cT03ValidaRedirecionamentoYoutube">
    </testcase>
    <testcase name="CTRodape cT04ValidaRedirecionamentoGitHub" time="10.0040" classname="cT04ValidaRedirecionamentoGitHub">
    </testcase>
    <testcase name="CTRodape cT05ValidaRedirecionamentoPrivacy" time="11.6110" classname="cT05ValidaRedirecionamentoPrivacy">
    </testcase>
    <testcase name="CTRodape cT06ValidaRedirecionamentoTermsOfService" time="10.3140" classname="cT06ValidaRedirecionamentoTermsOfService">
    </testcase>
    <testcase name="CTRodape cT07ValidaScrollup" time="5.0450" classname="cT07ValidaScrollup">
    </testcase>
  </testsuite>
</testsuites>