<?xml version="1.0" encoding="UTF-8"?>
<testsuites name="Mocha Tests" time="32.1590" tests="2" failures="0">
  <testsuite name="Root Suite" timestamp="2022-10-05T18:14:40" tests="0" file="cypress\e2e\ST03Menu\CTMenu.spec.js" time="0.0000" failures="0">
  </testsuite>
  <testsuite name="CTMenu" timestamp="2022-10-05T18:14:40" tests="2" time="32.1590" failures="0">
    <testcase name="CTMenu cT01ValidaSubMenuWhyGatling" time="22.4070" classname="cT01ValidaSubMenuWhyGatling">
    </testcase>
    <testcase name="CTMenu cT02ValidaSubMenuLearnMore" time="9.7520" classname="cT02ValidaSubMenuLearnMore">
    </testcase>
  </testsuite>
</testsuites>