<?xml version="1.0" encoding="UTF-8"?>
<testsuites name="Mocha Tests" time="92.8760" tests="7" failures="0">
  <testsuite name="Root Suite" timestamp="2022-08-25T00:19:13" tests="0" file="cypress\e2e\ST07Documentacao\CTDocumentacao.spec.js" time="0.0000" failures="0">
  </testsuite>
  <testsuite name="CTDocumentacao" timestamp="2022-08-25T00:19:13" tests="7" time="92.8760" failures="0">
    <testcase name="CTDocumentacao cT01ValidaTemaEscuro" time="16.3940" classname="cT01ValidaTemaEscuro">
    </testcase>
    <testcase name="CTDocumentacao cT02ValidaTemaClaro" time="7.7110" classname="cT02ValidaTemaClaro">
    </testcase>
    <testcase name="CTDocumentacao cT03PesquisarDocumento" time="11.2720" classname="cT03PesquisarDocumento">
    </testcase>
    <testcase name="CTDocumentacao cT04ValidaLinkGitHub" time="11.2270" classname="cT04ValidaLinkGitHub">
    </testcase>
    <testcase name="CTDocumentacao cT05EditarPaginanoGitHub" time="16.0810" classname="cT05EditarPaginanoGitHub">
    </testcase>
    <testcase name="CTDocumentacao cT06ValidaSelfHostedReferencia" time="16.5760" classname="cT06ValidaSelfHostedReferencia">
    </testcase>
    <testcase name="CTDocumentacao cT07ValidaCarregamentoImagemCloud" time="13.6150" classname="cT07ValidaCarregamentoImagemCloud">
    </testcase>
  </testsuite>
</testsuites>