<?xml version="1.0" encoding="UTF-8"?>
<testsuites name="Mocha Tests" time="65.1410" tests="2" failures="0">
  <testsuite name="Root Suite" timestamp="2022-07-14T17:46:17" tests="0" file="cypress\e2e\ST04PaginaContato\CTContato.spec.js" time="0.0000" failures="0">
  </testsuite>
  <testsuite name="CTContato" timestamp="2022-07-14T17:46:17" tests="2" time="65.1410" failures="0">
    <testcase name="CTContato cT01CamposObrigatórioseSucesso" time="51.1830" classname="cT01CamposObrigatórioseSucesso">
    </testcase>
    <testcase name="CTContato cT02ValidaGoHome" time="13.9580" classname="cT02ValidaGoHome">
    </testcase>
  </testsuite>
</testsuites>