<?xml version="1.0" encoding="UTF-8"?>
<testsuites name="Mocha Tests" time="21.5290" tests="2" failures="0">
  <testsuite name="Root Suite" timestamp="2022-07-14T17:45:51" tests="0" file="cypress\e2e\ST03Menu\CTMenu.spec.js" time="0.0000" failures="0">
  </testsuite>
  <testsuite name="CTMenu" timestamp="2022-07-14T17:45:51" tests="2" time="21.5290" failures="0">
    <testcase name="CTMenu cT01ValidaSubMenuWhyGatling" time="14.0690" classname="cT01ValidaSubMenuWhyGatling">
    </testcase>
    <testcase name="CTMenu cT02ValidaSubMenuLearnMore" time="7.4600" classname="cT02ValidaSubMenuLearnMore">
    </testcase>
  </testsuite>
</testsuites>