<?xml version="1.0" encoding="UTF-8"?>
<testsuites name="Mocha Tests" time="68.2310" tests="2" failures="0">
  <testsuite name="Root Suite" timestamp="2022-08-24T23:38:25" tests="0" file="cypress\e2e\ST08Academy\CTAcademySignIn.spec.js" time="0.0000" failures="0">
  </testsuite>
  <testsuite name="CTSigIn" timestamp="2022-08-24T23:38:25" tests="2" time="68.2310" failures="0">
    <testcase name="CTSigIn cT02ValidaLogin" time="49.6060" classname="cT02ValidaLogin">
    </testcase>
    <testcase name="CTSigIn cT0ValidaLembrarEmail" time="18.6250" classname="cT0ValidaLembrarEmail">
    </testcase>
  </testsuite>
</testsuites>