<?xml version="1.0" encoding="UTF-8"?>
<testsuites name="Mocha Tests" time="28.9820" tests="2" failures="0">
  <testsuite name="Root Suite" timestamp="2022-10-05T18:34:07" tests="0" file="cypress\e2e\ST03Menu\CTMenu.spec.js" time="0.0000" failures="0">
  </testsuite>
  <testsuite name="CTMenu" timestamp="2022-10-05T18:34:07" tests="2" time="28.9820" failures="0">
    <testcase name="CTMenu cT01ValidaSubMenuWhyGatling" time="20.6780" classname="cT01ValidaSubMenuWhyGatling">
    </testcase>
    <testcase name="CTMenu cT02ValidaSubMenuLearnMore" time="8.3040" classname="cT02ValidaSubMenuLearnMore">
    </testcase>
  </testsuite>
</testsuites>