<?xml version="1.0" encoding="UTF-8"?>
<testsuites name="Mocha Tests" time="36.1250" tests="2" failures="0">
  <testsuite name="Root Suite" timestamp="2022-11-01T17:42:53" tests="0" file="cypress\e2e\ST03Menu\CTMenu.spec.js" time="0.0000" failures="0">
  </testsuite>
  <testsuite name="CTMenu" timestamp="2022-11-01T17:42:53" tests="2" time="36.1250" failures="0">
    <testcase name="CTMenu cT01ValidaSubMenuWhyGatling" time="25.7360" classname="cT01ValidaSubMenuWhyGatling">
    </testcase>
    <testcase name="CTMenu cT02ValidaSubMenuLearnMore" time="10.3890" classname="cT02ValidaSubMenuLearnMore">
    </testcase>
  </testsuite>
</testsuites>