<?xml version="1.0" encoding="UTF-8"?>
<testsuites name="Mocha Tests" time="49.4820" tests="3" failures="0">
  <testsuite name="Root Suite" timestamp="2022-08-25T00:14:59" tests="0" file="cypress\e2e\ST05PaginaPrecos\CTPrecos.spec.js" time="0.0000" failures="0">
  </testsuite>
  <testsuite name="CTPrecos" timestamp="2022-08-25T00:14:59" tests="3" time="49.4820" failures="0">
    <testcase name="CTPrecos cT01ValidaCloudPlansMonthly" time="21.3760" classname="cT01ValidaCloudPlansMonthly">
    </testcase>
    <testcase name="CTPrecos cT02ValidaCloudPlansAnnually" time="11.8000" classname="cT02ValidaCloudPlansAnnually">
    </testcase>
    <testcase name="CTPrecos cT03ValidaLinkConsultoriaServicos" time="16.3060" classname="cT03ValidaLinkConsultoriaServicos">
    </testcase>
  </testsuite>
</testsuites>